<?xml version="1.0" encoding="UTF-8"?>
<testsuite name="br.com.fiap.library.BookControllerTest" tests="1" skipped="0" failures="0" errors="0" timestamp="2020-02-05T22:03:05" hostname="Fabios-MacBook-Pro.local" time="0.013">
  <properties/>
  <testcase name="getAllTest()" classname="br.com.fiap.library.BookControllerTest" time="0.013"/>
  <system-out><![CDATA[]]></system-out>
  <system-err><![CDATA[]]></system-err>
</testsuite>
